<?xml version="1.0" encoding="UTF-8"?>
<testng-results ignored="0" total="1" passed="1" failed="0" skipped="0">
  <reporter-output>
  </reporter-output>
  <suite started-at="2018-06-09T00:31:13Z" name="Default suite" finished-at="2018-06-09T00:31:21Z" duration-ms="8133">
    <groups>
    </groups>
    <test started-at="2018-06-09T00:31:13Z" name="Default test" finished-at="2018-06-09T00:31:21Z" duration-ms="8133">
      <class name="SearchGoogle">
        <test-method is-config="true" signature="setup()[pri:0, instance:SearchGoogle@48aca48b]" started-at="2018-06-09T00:31:13Z" name="setup" finished-at="2018-06-09T00:31:18Z" duration-ms="4849" status="PASS">
          <reporter-output>
          </reporter-output>
        </test-method> <!-- setup -->
        <test-method signature="testSearch()[pri:0, instance:SearchGoogle@48aca48b]" started-at="2018-06-09T00:31:18Z" name="testSearch" finished-at="2018-06-09T00:31:21Z" duration-ms="2641" status="PASS">
          <reporter-output>
          </reporter-output>
        </test-method> <!-- testSearch -->
        <test-method is-config="true" signature="tearDown()[pri:0, instance:SearchGoogle@48aca48b]" started-at="2018-06-09T00:31:21Z" name="tearDown" finished-at="2018-06-09T00:31:21Z" duration-ms="624" status="PASS">
          <reporter-output>
          </reporter-output>
        </test-method> <!-- tearDown -->
      </class> <!-- SearchGoogle -->
    </test> <!-- Default test -->
  </suite> <!-- Default suite -->
</testng-results>
