<?xml version="1.0" encoding="UTF-8"?>
<testng-results skipped="0" failed="0" ignored="0" total="1" passed="1">
  <reporter-output>
  </reporter-output>
  <suite name="Default suite" duration-ms="245" started-at="2018-08-11T16:06:46Z" finished-at="2018-08-11T16:06:46Z">
    <groups>
      <group name="cucumber">
        <method signature="AbstractTestNGCucumberTests.feature(cucumber.api.testng.CucumberFeatureWrapper)[pri:0, instance:Runner.TestRunner@f6c48ac]" name="feature" class="cucumber.api.testng.AbstractTestNGCucumberTests"/>
      </group> <!-- cucumber -->
    </groups>
    <test name="Default test" duration-ms="245" started-at="2018-08-11T16:06:46Z" finished-at="2018-08-11T16:06:46Z">
      <class name="Runner.TestRunner">
        <test-method status="PASS" signature="setUpClass()[pri:0, instance:Runner.TestRunner@f6c48ac]" name="setUpClass" is-config="true" duration-ms="156" started-at="2018-08-11T16:06:46Z" finished-at="2018-08-11T16:06:46Z">
          <reporter-output>
          </reporter-output>
        </test-method> <!-- setUpClass -->
        <test-method status="PASS" signature="feature(cucumber.api.testng.CucumberFeatureWrapper)[pri:0, instance:Runner.TestRunner@f6c48ac]" name="feature" duration-ms="7" started-at="2018-08-11T16:06:46Z" description="Runs Cucumber Feature" data-provider="features" finished-at="2018-08-11T16:06:46Z">
          <params>
            <param index="0">
              <value>
                <![CDATA[Search Google]]>
              </value>
            </param>
          </params>
          <reporter-output>
          </reporter-output>
        </test-method> <!-- feature -->
        <test-method status="PASS" signature="tearDownClass()[pri:0, instance:Runner.TestRunner@f6c48ac]" name="tearDownClass" is-config="true" duration-ms="13" started-at="2018-08-11T16:06:46Z" finished-at="2018-08-11T16:06:46Z">
          <reporter-output>
          </reporter-output>
        </test-method> <!-- tearDownClass -->
      </class> <!-- Runner.TestRunner -->
    </test> <!-- Default test -->
  </suite> <!-- Default suite -->
</testng-results>
