<?xml version="1.0" encoding="UTF-8"?>
<testng-results skipped="0" failed="0" ignored="0" total="1" passed="1">
  <reporter-output>
  </reporter-output>
  <suite name="Default suite" duration-ms="8249" started-at="2018-02-25T04:23:48Z" finished-at="2018-02-25T04:23:56Z">
    <groups>
    </groups>
    <test name="Default test" duration-ms="8249" started-at="2018-02-25T04:23:48Z" finished-at="2018-02-25T04:23:56Z">
      <class name="Test.Test">
        <test-method status="PASS" signature="testSteps()[pri:0, instance:Test.Test@604ed9f0]" name="testSteps" is-config="true" duration-ms="2467" started-at="2018-02-25T09:53:48Z" finished-at="2018-02-25T09:53:50Z">
          <reporter-output>
          </reporter-output>
        </test-method> <!-- testSteps -->
        <test-method status="PASS" signature="testScenario()[pri:0, instance:Test.Test@604ed9f0]" name="testScenario" duration-ms="5762" started-at="2018-02-25T09:53:50Z" finished-at="2018-02-25T09:53:56Z">
          <reporter-output>
          </reporter-output>
        </test-method> <!-- testScenario -->
      </class> <!-- Test.Test -->
    </test> <!-- Default test -->
  </suite> <!-- Default suite -->
</testng-results>
