# JRE version: Java(TM) SE Runtime Environment (8.0_102-b14) (build 1.8.0_102-b14)
# Java VM: Java HotSpot(TM) 64-Bit Server VM (25.102-b14 mixed mode windows-amd64 compressed oops)
Heap:
 PSYoungGen      total 74752K, used 44979K [0x0000000775100000, 0x000000077a400000, 0x00000007c0000000)
  eden space 64512K, 69% used [0x0000000775100000,0x0000000777cece08,0x0000000779000000)
  from space 10240K, 0% used [0x0000000779000000,0x0000000779000000,0x0000000779a00000)
  to   space 10240K, 0% used [0x0000000779a00000,0x0000000779a00000,0x000000077a400000)
 ParOldGen       total 123392K, used 14091K [0x00000006df200000, 0x00000006e6a80000, 0x0000000775100000)
  object space 123392K, 11% used [0x00000006df200000,0x00000006dffc2ee0,0x00000006e6a80000)
 Metaspace       used 26326K, capacity 26834K, committed 26880K, reserved 1073152K
  class space    used 3177K, capacity 3306K, committed 3328K, reserved 1048576K
GC Heap History (8 events):
Event: 0.955 GC heap before
{Heap before GC invocations=1 (full 0):
 PSYoungGen      total 74752K, used 64512K [0x0000000775100000, 0x000000077a400000, 0x00000007c0000000)
  eden space 64512K, 100% used [0x0000000775100000,0x0000000779000000,0x0000000779000000)
  from space 10240K, 0% used [0x0000000779a00000,0x0000000779a00000,0x000000077a400000)
  to   space 10240K, 0% used [0x0000000779000000,0x0000000779000000,0x0000000779a00000)
 ParOldGen       total 171008K, used 0K [0x00000006df200000, 0x00000006e9900000, 0x0000000775100000)
  object space 171008K, 0% used [0x00000006df200000,0x00000006df200000,0x00000006e9900000)
 Metaspace       used 11017K, capacity 11106K, committed 11264K, reserved 1058816K
  class space    used 1222K, capacity 1268K, committed 1280K, reserved 1048576K
Event: 0.961 GC heap after
Heap after GC invocations=1 (full 0):
 PSYoungGen      total 74752K, used 8085K [0x0000000775100000, 0x000000077a400000, 0x00000007c0000000)
  eden space 64512K, 0% used [0x0000000775100000,0x0000000775100000,0x0000000779000000)
  from space 10240K, 78% used [0x0000000779000000,0x00000007797e5798,0x0000000779a00000)
  to   space 10240K, 0% used [0x0000000779a00000,0x0000000779a00000,0x000000077a400000)
 ParOldGen       total 171008K, used 16K [0x00000006df200000, 0x00000006e9900000, 0x0000000775100000)
  object space 171008K, 0% used [0x00000006df200000,0x00000006df204000,0x00000006e9900000)
 Metaspace       used 11017K, capacity 11106K, committed 11264K, reserved 1058816K
  class space    used 1222K, capacity 1268K, committed 1280K, reserved 1048576K
}
Event: 1.874 GC heap before
{Heap before GC invocations=2 (full 0):
 PSYoungGen      total 74752K, used 72597K [0x0000000775100000, 0x000000077a400000, 0x00000007c0000000)
  eden space 64512K, 100% used [0x0000000775100000,0x0000000779000000,0x0000000779000000)
  from space 10240K, 78% used [0x0000000779000000,0x00000007797e5798,0x0000000779a00000)
  to   space 10240K, 0% used [0x0000000779a00000,0x0000000779a00000,0x000000077a400000)
 ParOldGen       total 171008K, used 16K [0x00000006df200000, 0x00000006e9900000, 0x0000000775100000)
  object space 171008K, 0% used [0x00000006df200000,0x00000006df204000,0x00000006e9900000)
 Metaspace       used 18536K, capacity 18782K, committed 19072K, reserved 1067008K
  class space    used 2017K, capacity 2100K, committed 2176K, reserved 1048576K
Event: 1.882 GC heap after
Heap after GC invocations=2 (full 0):
 PSYoungGen      total 74752K, used 10210K [0x0000000775100000, 0x000000077a400000, 0x00000007c0000000)
  eden space 64512K, 0% used [0x0000000775100000,0x0000000775100000,0x0000000779000000)
  from space 10240K, 99% used [0x0000000779a00000,0x000000077a3f8900,0x000000077a400000)
  to   space 10240K, 0% used [0x0000000779000000,0x0000000779000000,0x0000000779a00000)
 ParOldGen       total 171008K, used 1264K [0x00000006df200000, 0x00000006e9900000, 0x0000000775100000)
  object space 171008K, 0% used [0x00000006df200000,0x00000006df33c068,0x00000006e9900000)
 Metaspace       used 18536K, capacity 18782K, committed 19072K, reserved 1067008K
  class space    used 2017K, capacity 2100K, committed 2176K, reserved 1048576K
}
Event: 2.219 GC heap before
{Heap before GC invocations=3 (full 0):
 PSYoungGen      total 74752K, used 62659K [0x0000000775100000, 0x000000077a400000, 0x00000007c0000000)
  eden space 64512K, 81% used [0x0000000775100000,0x0000000778438450,0x0000000779000000)
  from space 10240K, 99% used [0x0000000779a00000,0x000000077a3f8900,0x000000077a400000)
  to   space 10240K, 0% used [0x0000000779000000,0x0000000779000000,0x0000000779a00000)
 ParOldGen       total 171008K, used 1264K [0x00000006df200000, 0x00000006e9900000, 0x0000000775100000)
  object space 171008K, 0% used [0x00000006df200000,0x00000006df33c068,0x00000006e9900000)
 Metaspace       used 20824K, capacity 21092K, committed 21248K, reserved 1069056K
  class space    used 2352K, capacity 2464K, committed 2560K, reserved 1048576K
Event: 2.230 GC heap after
Heap after GC invocations=3 (full 0):
 PSYoungGen      total 74752K, used 10208K [0x0000000775100000, 0x000000077a400000, 0x00000007c0000000)
  eden space 64512K, 0% used [0x0000000775100000,0x0000000775100000,0x0000000779000000)
  from space 10240K, 99% used [0x0000000779000000,0x00000007799f80b0,0x0000000779a00000)
  to   space 10240K, 0% used [0x0000000779a00000,0x0000000779a00000,0x000000077a400000)
 ParOldGen       total 171008K, used 5373K [0x00000006df200000, 0x00000006e9900000, 0x0000000775100000)
  object space 171008K, 3% used [0x00000006df200000,0x00000006df73f718,0x00000006e9900000)
 Metaspace       used 20824K, capacity 21092K, committed 21248K, reserved 1069056K
  class space    used 2352K, capacity 2464K, committed 2560K, reserved 1048576K
}
Event: 2.230 GC heap before
{Heap before GC invocations=4 (full 1):
 PSYoungGen      total 74752K, used 10208K [0x0000000775100000, 0x000000077a400000, 0x00000007c0000000)
  eden space 64512K, 0% used [0x0000000775100000,0x0000000775100000,0x0000000779000000)
  from space 10240K, 99% used [0x0000000779000000,0x00000007799f80b0,0x0000000779a00000)
  to   space 10240K, 0% used [0x0000000779a00000,0x0000000779a00000,0x000000077a400000)
 ParOldGen       total 171008K, used 5373K [0x00000006df200000, 0x00000006e9900000, 0x0000000775100000)
  object space 171008K, 3% used [0x00000006df200000,0x00000006df73f718,0x00000006e9900000)
 Metaspace       used 20824K, capacity 21092K, committed 21248K, reserved 1069056K
  class space    used 2352K, capacity 2464K, committed 2560K, reserved 1048576K
Event: 2.284 GC heap after
Heap after GC invocations=4 (full 1):
 PSYoungGen      total 74752K, used 0K [0x0000000775100000, 0x000000077a400000, 0x00000007c0000000)
  eden space 64512K, 0% used [0x0000000775100000,0x0000000775100000,0x0000000779000000)
  from space 10240K, 0% used [0x0000000779000000,0x0000000779000000,0x0000000779a00000)
  to   space 10240K, 0% used [0x0000000779a00000,0x0000000779a00000,0x000000077a400000)
 ParOldGen       total 123392K, used 14091K [0x00000006df200000, 0x00000006e6a80000, 0x0000000775100000)
  object space 123392K, 11% used [0x00000006df200000,0x00000006dffc2ee0,0x00000006e6a80000)
 Metaspace       used 20824K, capacity 21092K, committed 21248K, reserved 1069056K
  class space    used 2352K, capacity 2464K, committed 2560K, reserved 1048576K
}

