# JRE version: Java(TM) SE Runtime Environment (8.0_102-b14) (build 1.8.0_102-b14)
# Java VM: Java HotSpot(TM) 64-Bit Server VM (25.102-b14 mixed mode windows-amd64 compressed oops)
Heap:
 PSYoungGen      total 74752K, used 51477K [0x0000000775100000, 0x000000077e300000, 0x00000007c0000000)
  eden space 64512K, 79% used [0x0000000775100000,0x00000007783457a8,0x0000000779000000)
  from space 10240K, 0% used [0x0000000779000000,0x0000000779000000,0x0000000779a00000)
  to   space 10240K, 0% used [0x000000077d900000,0x000000077d900000,0x000000077e300000)
 ParOldGen       total 124928K, used 14172K [0x00000006df200000, 0x00000006e6c00000, 0x0000000775100000)
  object space 124928K, 11% used [0x00000006df200000,0x00000006dffd72b8,0x00000006e6c00000)
 Metaspace       used 26994K, capacity 27560K, committed 27776K, reserved 1073152K
  class space    used 3272K, capacity 3435K, committed 3456K, reserved 1048576K
GC Heap History (8 events):
Event: 0.988 GC heap before
{Heap before GC invocations=1 (full 0):
 PSYoungGen      total 74752K, used 64512K [0x0000000775100000, 0x000000077a400000, 0x00000007c0000000)
  eden space 64512K, 100% used [0x0000000775100000,0x0000000779000000,0x0000000779000000)
  from space 10240K, 0% used [0x0000000779a00000,0x0000000779a00000,0x000000077a400000)
  to   space 10240K, 0% used [0x0000000779000000,0x0000000779000000,0x0000000779a00000)
 ParOldGen       total 171008K, used 0K [0x00000006df200000, 0x00000006e9900000, 0x0000000775100000)
  object space 171008K, 0% used [0x00000006df200000,0x00000006df200000,0x00000006e9900000)
 Metaspace       used 10994K, capacity 11106K, committed 11264K, reserved 1058816K
  class space    used 1222K, capacity 1268K, committed 1280K, reserved 1048576K
Event: 0.996 GC heap after
Heap after GC invocations=1 (full 0):
 PSYoungGen      total 74752K, used 8034K [0x0000000775100000, 0x000000077a400000, 0x00000007c0000000)
  eden space 64512K, 0% used [0x0000000775100000,0x0000000775100000,0x0000000779000000)
  from space 10240K, 78% used [0x0000000779000000,0x00000007797d88d8,0x0000000779a00000)
  to   space 10240K, 0% used [0x0000000779a00000,0x0000000779a00000,0x000000077a400000)
 ParOldGen       total 171008K, used 16K [0x00000006df200000, 0x00000006e9900000, 0x0000000775100000)
  object space 171008K, 0% used [0x00000006df200000,0x00000006df204000,0x00000006e9900000)
 Metaspace       used 10994K, capacity 11106K, committed 11264K, reserved 1058816K
  class space    used 1222K, capacity 1268K, committed 1280K, reserved 1048576K
}
Event: 1.846 GC heap before
{Heap before GC invocations=2 (full 0):
 PSYoungGen      total 74752K, used 72546K [0x0000000775100000, 0x000000077a400000, 0x00000007c0000000)
  eden space 64512K, 100% used [0x0000000775100000,0x0000000779000000,0x0000000779000000)
  from space 10240K, 78% used [0x0000000779000000,0x00000007797d88d8,0x0000000779a00000)
  to   space 10240K, 0% used [0x0000000779a00000,0x0000000779a00000,0x000000077a400000)
 ParOldGen       total 171008K, used 16K [0x00000006df200000, 0x00000006e9900000, 0x0000000775100000)
  object space 171008K, 0% used [0x00000006df200000,0x00000006df204000,0x00000006e9900000)
 Metaspace       used 18546K, capacity 18782K, committed 19072K, reserved 1067008K
  class space    used 2018K, capacity 2100K, committed 2176K, reserved 1048576K
Event: 1.855 GC heap after
Heap after GC invocations=2 (full 0):
 PSYoungGen      total 74752K, used 10214K [0x0000000775100000, 0x000000077a400000, 0x00000007c0000000)
  eden space 64512K, 0% used [0x0000000775100000,0x0000000775100000,0x0000000779000000)
  from space 10240K, 99% used [0x0000000779a00000,0x000000077a3f9af8,0x000000077a400000)
  to   space 10240K, 0% used [0x0000000779000000,0x0000000779000000,0x0000000779a00000)
 ParOldGen       total 171008K, used 1293K [0x00000006df200000, 0x00000006e9900000, 0x0000000775100000)
  object space 171008K, 0% used [0x00000006df200000,0x00000006df3436f8,0x00000006e9900000)
 Metaspace       used 18546K, capacity 18782K, committed 19072K, reserved 1067008K
  class space    used 2018K, capacity 2100K, committed 2176K, reserved 1048576K
}
Event: 2.298 GC heap before
{Heap before GC invocations=3 (full 0):
 PSYoungGen      total 74752K, used 63528K [0x0000000775100000, 0x000000077a400000, 0x00000007c0000000)
  eden space 64512K, 82% used [0x0000000775100000,0x0000000778510770,0x0000000779000000)
  from space 10240K, 99% used [0x0000000779a00000,0x000000077a3f9af8,0x000000077a400000)
  to   space 10240K, 0% used [0x0000000779000000,0x0000000779000000,0x0000000779a00000)
 ParOldGen       total 171008K, used 1293K [0x00000006df200000, 0x00000006e9900000, 0x0000000775100000)
  object space 171008K, 0% used [0x00000006df200000,0x00000006df3436f8,0x00000006e9900000)
 Metaspace       used 20827K, capacity 21092K, committed 21248K, reserved 1069056K
  class space    used 2352K, capacity 2464K, committed 2560K, reserved 1048576K
Event: 2.308 GC heap after
Heap after GC invocations=3 (full 0):
 PSYoungGen      total 74752K, used 10228K [0x0000000775100000, 0x000000077e300000, 0x00000007c0000000)
  eden space 64512K, 0% used [0x0000000775100000,0x0000000775100000,0x0000000779000000)
  from space 10240K, 99% used [0x0000000779000000,0x00000007799fd0c0,0x0000000779a00000)
  to   space 10240K, 0% used [0x000000077d900000,0x000000077d900000,0x000000077e300000)
 ParOldGen       total 171008K, used 5458K [0x00000006df200000, 0x00000006e9900000, 0x0000000775100000)
  object space 171008K, 3% used [0x00000006df200000,0x00000006df754ac8,0x00000006e9900000)
 Metaspace       used 20827K, capacity 21092K, committed 21248K, reserved 1069056K
  class space    used 2352K, capacity 2464K, committed 2560K, reserved 1048576K
}
Event: 2.308 GC heap before
{Heap before GC invocations=4 (full 1):
 PSYoungGen      total 74752K, used 10228K [0x0000000775100000, 0x000000077e300000, 0x00000007c0000000)
  eden space 64512K, 0% used [0x0000000775100000,0x0000000775100000,0x0000000779000000)
  from space 10240K, 99% used [0x0000000779000000,0x00000007799fd0c0,0x0000000779a00000)
  to   space 10240K, 0% used [0x000000077d900000,0x000000077d900000,0x000000077e300000)
 ParOldGen       total 171008K, used 5458K [0x00000006df200000, 0x00000006e9900000, 0x0000000775100000)
  object space 171008K, 3% used [0x00000006df200000,0x00000006df754ac8,0x00000006e9900000)
 Metaspace       used 20827K, capacity 21092K, committed 21248K, reserved 1069056K
  class space    used 2352K, capacity 2464K, committed 2560K, reserved 1048576K
Event: 2.360 GC heap after
Heap after GC invocations=4 (full 1):
 PSYoungGen      total 74752K, used 0K [0x0000000775100000, 0x000000077e300000, 0x00000007c0000000)
  eden space 64512K, 0% used [0x0000000775100000,0x0000000775100000,0x0000000779000000)
  from space 10240K, 0% used [0x0000000779000000,0x0000000779000000,0x0000000779a00000)
  to   space 10240K, 0% used [0x000000077d900000,0x000000077d900000,0x000000077e300000)
 ParOldGen       total 124928K, used 14172K [0x00000006df200000, 0x00000006e6c00000, 0x0000000775100000)
  object space 124928K, 11% used [0x00000006df200000,0x00000006dffd72b8,0x00000006e6c00000)
 Metaspace       used 20827K, capacity 21092K, committed 21248K, reserved 1069056K
  class space    used 2352K, capacity 2464K, committed 2560K, reserved 1048576K
}

