# JRE version: Java(TM) SE Runtime Environment (8.0_102-b14) (build 1.8.0_102-b14)
# Java VM: Java HotSpot(TM) 64-Bit Server VM (25.102-b14 mixed mode windows-amd64 compressed oops)
Heap:
 PSYoungGen      total 74752K, used 42162K [0x0000000775100000, 0x000000077a400000, 0x00000007c0000000)
  eden space 64512K, 65% used [0x0000000775100000,0x0000000777a2c950,0x0000000779000000)
  from space 10240K, 0% used [0x0000000779000000,0x0000000779000000,0x0000000779a00000)
  to   space 10240K, 0% used [0x0000000779a00000,0x0000000779a00000,0x000000077a400000)
 ParOldGen       total 122880K, used 14102K [0x00000006df200000, 0x00000006e6a00000, 0x0000000775100000)
  object space 122880K, 11% used [0x00000006df200000,0x00000006dffc5b08,0x00000006e6a00000)
 Metaspace       used 26325K, capacity 26834K, committed 26880K, reserved 1073152K
  class space    used 3171K, capacity 3306K, committed 3328K, reserved 1048576K
GC Heap History (8 events):
Event: 0.991 GC heap before
{Heap before GC invocations=1 (full 0):
 PSYoungGen      total 74752K, used 64512K [0x0000000775100000, 0x000000077a400000, 0x00000007c0000000)
  eden space 64512K, 100% used [0x0000000775100000,0x0000000779000000,0x0000000779000000)
  from space 10240K, 0% used [0x0000000779a00000,0x0000000779a00000,0x000000077a400000)
  to   space 10240K, 0% used [0x0000000779000000,0x0000000779000000,0x0000000779a00000)
 ParOldGen       total 171008K, used 0K [0x00000006df200000, 0x00000006e9900000, 0x0000000775100000)
  object space 171008K, 0% used [0x00000006df200000,0x00000006df200000,0x00000006e9900000)
 Metaspace       used 11014K, capacity 11106K, committed 11264K, reserved 1058816K
  class space    used 1216K, capacity 1268K, committed 1280K, reserved 1048576K
Event: 0.998 GC heap after
Heap after GC invocations=1 (full 0):
 PSYoungGen      total 74752K, used 8063K [0x0000000775100000, 0x000000077a400000, 0x00000007c0000000)
  eden space 64512K, 0% used [0x0000000775100000,0x0000000775100000,0x0000000779000000)
  from space 10240K, 78% used [0x0000000779000000,0x00000007797dfdc8,0x0000000779a00000)
  to   space 10240K, 0% used [0x0000000779a00000,0x0000000779a00000,0x000000077a400000)
 ParOldGen       total 171008K, used 8K [0x00000006df200000, 0x00000006e9900000, 0x0000000775100000)
  object space 171008K, 0% used [0x00000006df200000,0x00000006df202000,0x00000006e9900000)
 Metaspace       used 11014K, capacity 11106K, committed 11264K, reserved 1058816K
  class space    used 1216K, capacity 1268K, committed 1280K, reserved 1048576K
}
Event: 1.904 GC heap before
{Heap before GC invocations=2 (full 0):
 PSYoungGen      total 74752K, used 72575K [0x0000000775100000, 0x000000077a400000, 0x00000007c0000000)
  eden space 64512K, 100% used [0x0000000775100000,0x0000000779000000,0x0000000779000000)
  from space 10240K, 78% used [0x0000000779000000,0x00000007797dfdc8,0x0000000779a00000)
  to   space 10240K, 0% used [0x0000000779a00000,0x0000000779a00000,0x000000077a400000)
 ParOldGen       total 171008K, used 8K [0x00000006df200000, 0x00000006e9900000, 0x0000000775100000)
  object space 171008K, 0% used [0x00000006df200000,0x00000006df202000,0x00000006e9900000)
 Metaspace       used 18542K, capacity 18782K, committed 19072K, reserved 1067008K
  class space    used 2011K, capacity 2100K, committed 2176K, reserved 1048576K
Event: 1.913 GC heap after
Heap after GC invocations=2 (full 0):
 PSYoungGen      total 74752K, used 10224K [0x0000000775100000, 0x000000077a400000, 0x00000007c0000000)
  eden space 64512K, 0% used [0x0000000775100000,0x0000000775100000,0x0000000779000000)
  from space 10240K, 99% used [0x0000000779a00000,0x000000077a3fc120,0x000000077a400000)
  to   space 10240K, 0% used [0x0000000779000000,0x0000000779000000,0x0000000779a00000)
 ParOldGen       total 171008K, used 1228K [0x00000006df200000, 0x00000006e9900000, 0x0000000775100000)
  object space 171008K, 0% used [0x00000006df200000,0x00000006df3331f0,0x00000006e9900000)
 Metaspace       used 18542K, capacity 18782K, committed 19072K, reserved 1067008K
  class space    used 2011K, capacity 2100K, committed 2176K, reserved 1048576K
}
Event: 2.238 GC heap before
{Heap before GC invocations=3 (full 0):
 PSYoungGen      total 74752K, used 63793K [0x0000000775100000, 0x000000077a400000, 0x00000007c0000000)
  eden space 64512K, 83% used [0x0000000775100000,0x00000007785506d0,0x0000000779000000)
  from space 10240K, 99% used [0x0000000779a00000,0x000000077a3fc120,0x000000077a400000)
  to   space 10240K, 0% used [0x0000000779000000,0x0000000779000000,0x0000000779a00000)
 ParOldGen       total 171008K, used 1228K [0x00000006df200000, 0x00000006e9900000, 0x0000000775100000)
  object space 171008K, 0% used [0x00000006df200000,0x00000006df3331f0,0x00000006e9900000)
 Metaspace       used 20819K, capacity 21092K, committed 21248K, reserved 1069056K
  class space    used 2346K, capacity 2464K, committed 2560K, reserved 1048576K
Event: 2.248 GC heap after
Heap after GC invocations=3 (full 0):
 PSYoungGen      total 74752K, used 10216K [0x0000000775100000, 0x000000077a400000, 0x00000007c0000000)
  eden space 64512K, 0% used [0x0000000775100000,0x0000000775100000,0x0000000779000000)
  from space 10240K, 99% used [0x0000000779000000,0x00000007799fa0d0,0x0000000779a00000)
  to   space 10240K, 0% used [0x0000000779a00000,0x0000000779a00000,0x000000077a400000)
 ParOldGen       total 171008K, used 5326K [0x00000006df200000, 0x00000006e9900000, 0x0000000775100000)
  object space 171008K, 3% used [0x00000006df200000,0x00000006df7338c0,0x00000006e9900000)
 Metaspace       used 20819K, capacity 21092K, committed 21248K, reserved 1069056K
  class space    used 2346K, capacity 2464K, committed 2560K, reserved 1048576K
}
Event: 2.248 GC heap before
{Heap before GC invocations=4 (full 1):
 PSYoungGen      total 74752K, used 10216K [0x0000000775100000, 0x000000077a400000, 0x00000007c0000000)
  eden space 64512K, 0% used [0x0000000775100000,0x0000000775100000,0x0000000779000000)
  from space 10240K, 99% used [0x0000000779000000,0x00000007799fa0d0,0x0000000779a00000)
  to   space 10240K, 0% used [0x0000000779a00000,0x0000000779a00000,0x000000077a400000)
 ParOldGen       total 171008K, used 5326K [0x00000006df200000, 0x00000006e9900000, 0x0000000775100000)
  object space 171008K, 3% used [0x00000006df200000,0x00000006df7338c0,0x00000006e9900000)
 Metaspace       used 20819K, capacity 21092K, committed 21248K, reserved 1069056K
  class space    used 2346K, capacity 2464K, committed 2560K, reserved 1048576K
Event: 2.300 GC heap after
Heap after GC invocations=4 (full 1):
 PSYoungGen      total 74752K, used 0K [0x0000000775100000, 0x000000077a400000, 0x00000007c0000000)
  eden space 64512K, 0% used [0x0000000775100000,0x0000000775100000,0x0000000779000000)
  from space 10240K, 0% used [0x0000000779000000,0x0000000779000000,0x0000000779a00000)
  to   space 10240K, 0% used [0x0000000779a00000,0x0000000779a00000,0x000000077a400000)
 ParOldGen       total 122880K, used 14102K [0x00000006df200000, 0x00000006e6a00000, 0x0000000775100000)
  object space 122880K, 11% used [0x00000006df200000,0x00000006dffc5b08,0x00000006e6a00000)
 Metaspace       used 20819K, capacity 21092K, committed 21248K, reserved 1069056K
  class space    used 2346K, capacity 2464K, committed 2560K, reserved 1048576K
}

