<?xml version="1.0" encoding="UTF-8"?>
<testng-results ignored="0" total="1" passed="1" failed="0" skipped="0">
  <reporter-output>
  </reporter-output>
  <suite started-at="2018-06-03T02:52:24Z" name="Default suite" finished-at="2018-06-03T02:52:28Z" duration-ms="4119">
    <groups>
    </groups>
    <test started-at="2018-06-03T02:52:24Z" name="Default test" finished-at="2018-06-03T02:52:28Z" duration-ms="4119">
      <class name="CalculatorPkg.CalculatorClass">
        <test-method is-config="true" signature="setup()[pri:0, instance:CalculatorPkg.CalculatorClass@957e06]" started-at="2018-06-03T02:52:24Z" name="setup" finished-at="2018-06-03T02:52:26Z" duration-ms="2220" status="PASS">
          <reporter-output>
          </reporter-output>
        </test-method> <!-- setup -->
        <test-method signature="testCalc()[pri:0, instance:CalculatorPkg.CalculatorClass@957e06]" started-at="2018-06-03T02:52:26Z" name="testCalc" finished-at="2018-06-03T02:52:28Z" duration-ms="1879" status="PASS">
          <reporter-output>
          </reporter-output>
        </test-method> <!-- testCalc -->
      </class> <!-- CalculatorPkg.CalculatorClass -->
    </test> <!-- Default test -->
  </suite> <!-- Default suite -->
</testng-results>
