<?xml version="1.0" encoding="UTF-8"?>
<testng-results ignored="0" total="1" passed="1" failed="0" skipped="0">
  <reporter-output>
  </reporter-output>
  <suite started-at="2018-06-08T00:03:41Z" name="Default suite" finished-at="2018-06-08T00:03:50Z" duration-ms="9097">
    <groups>
    </groups>
    <test started-at="2018-06-08T00:03:41Z" name="Default test" finished-at="2018-06-08T00:03:50Z" duration-ms="9097">
      <class name="SearchGoogle">
        <test-method is-config="true" signature="setup()[pri:0, instance:SearchGoogle@295cf707]" started-at="2018-06-08T00:03:41Z" name="setup" finished-at="2018-06-08T00:03:46Z" duration-ms="4794" status="PASS">
          <reporter-output>
          </reporter-output>
        </test-method> <!-- setup -->
        <test-method signature="testSearch()[pri:0, instance:SearchGoogle@295cf707]" started-at="2018-06-08T00:03:46Z" name="testSearch" finished-at="2018-06-08T00:03:50Z" duration-ms="3543" status="PASS">
          <reporter-output>
          </reporter-output>
        </test-method> <!-- testSearch -->
        <test-method is-config="true" signature="tearDown()[pri:0, instance:SearchGoogle@295cf707]" started-at="2018-06-08T00:03:50Z" name="tearDown" finished-at="2018-06-08T00:03:50Z" duration-ms="643" status="PASS">
          <reporter-output>
          </reporter-output>
        </test-method> <!-- tearDown -->
      </class> <!-- SearchGoogle -->
    </test> <!-- Default test -->
  </suite> <!-- Default suite -->
</testng-results>
