<?xml version="1.0" encoding="UTF-8"?>
<testng-results ignored="0" total="1" passed="1" failed="0" skipped="0">
  <reporter-output>
  </reporter-output>
  <suite started-at="2018-09-18T00:59:28Z" name="Default suite" finished-at="2018-09-18T00:59:45Z" duration-ms="16798">
    <groups>
      <group name="cucumber">
        <method signature="AbstractTestNGCucumberTests.feature(cucumber.api.testng.CucumberFeatureWrapper)[pri:0, instance:Runner.TestRunner@306cf3ea]" name="feature" class="cucumber.api.testng.AbstractTestNGCucumberTests"/>
      </group> <!-- cucumber -->
    </groups>
    <test started-at="2018-09-18T00:59:28Z" name="Default test" finished-at="2018-09-18T00:59:45Z" duration-ms="16798">
      <class name="Runner.TestRunner">
        <test-method is-config="true" signature="setUpClass()[pri:0, instance:Runner.TestRunner@306cf3ea]" started-at="2018-09-18T00:59:28Z" name="setUpClass" finished-at="2018-09-18T00:59:29Z" duration-ms="440" status="PASS">
          <reporter-output>
          </reporter-output>
        </test-method> <!-- setUpClass -->
        <test-method signature="feature(cucumber.api.testng.CucumberFeatureWrapper)[pri:0, instance:Runner.TestRunner@306cf3ea]" started-at="2018-09-18T00:59:29Z" name="feature" description="Runs Cucumber Feature" data-provider="features" finished-at="2018-09-18T00:59:45Z" duration-ms="16223" status="PASS">
          <params>
            <param index="0">
              <value>
                <![CDATA[Search Google]]>
              </value>
            </param>
          </params>
          <reporter-output>
          </reporter-output>
        </test-method> <!-- feature -->
        <test-method is-config="true" signature="tearDownClass()[pri:0, instance:Runner.TestRunner@306cf3ea]" started-at="2018-09-18T00:59:45Z" name="tearDownClass" finished-at="2018-09-18T00:59:45Z" duration-ms="3" status="PASS">
          <reporter-output>
          </reporter-output>
        </test-method> <!-- tearDownClass -->
      </class> <!-- Runner.TestRunner -->
    </test> <!-- Default test -->
  </suite> <!-- Default suite -->
</testng-results>
