<?xml version="1.0" encoding="UTF-8"?>
<testng-results skipped="0" failed="0" ignored="0" total="1" passed="1">
  <reporter-output>
  </reporter-output>
  <suite name="Default suite" duration-ms="1352" started-at="2018-06-17T14:22:50Z" finished-at="2018-06-17T14:22:51Z">
    <groups>
    </groups>
    <test name="Default test" duration-ms="1352" started-at="2018-06-17T14:22:50Z" finished-at="2018-06-17T14:22:51Z">
      <class name="UniRESTJava.UNIRestClass">
        <test-method status="PASS" signature="shouldReturnStatusOkay()[pri:0, instance:UniRESTJava.UNIRestClass@4bec1f0c]" name="shouldReturnStatusOkay" duration-ms="1331" started-at="2018-06-17T14:22:50Z" finished-at="2018-06-17T14:22:51Z">
          <reporter-output>
          </reporter-output>
        </test-method> <!-- shouldReturnStatusOkay -->
      </class> <!-- UniRESTJava.UNIRestClass -->
    </test> <!-- Default test -->
  </suite> <!-- Default suite -->
</testng-results>
