<?xml version="1.0" encoding="UTF-8"?>
<testng-results ignored="0" total="1" passed="1" failed="0" skipped="0">
  <reporter-output>
  </reporter-output>
  <suite started-at="2018-06-06T17:27:17Z" name="Default suite" finished-at="2018-06-06T17:27:26Z" duration-ms="8915">
    <groups>
    </groups>
    <test started-at="2018-06-06T17:27:17Z" name="Default test" finished-at="2018-06-06T17:27:26Z" duration-ms="8915">
      <class name="SearchGoogle">
        <test-method is-config="true" signature="setup()[pri:0, instance:SearchGoogle@fa36558]" started-at="2018-06-06T17:27:17Z" name="setup" finished-at="2018-06-06T17:27:22Z" duration-ms="5808" status="PASS">
          <reporter-output>
          </reporter-output>
        </test-method> <!-- setup -->
        <test-method signature="testSearch()[pri:0, instance:SearchGoogle@fa36558]" started-at="2018-06-06T17:27:22Z" name="testSearch" finished-at="2018-06-06T17:27:25Z" duration-ms="2463" status="PASS">
          <reporter-output>
          </reporter-output>
        </test-method> <!-- testSearch -->
        <test-method is-config="true" signature="tearDown()[pri:0, instance:SearchGoogle@fa36558]" started-at="2018-06-06T17:27:25Z" name="tearDown" finished-at="2018-06-06T17:27:26Z" duration-ms="629" status="PASS">
          <reporter-output>
          </reporter-output>
        </test-method> <!-- tearDown -->
      </class> <!-- SearchGoogle -->
    </test> <!-- Default test -->
  </suite> <!-- Default suite -->
</testng-results>
