<?xml version="1.0" encoding="UTF-8"?>
<testng-results ignored="0" total="1" passed="1" failed="0" skipped="0">
  <reporter-output>
  </reporter-output>
  <suite started-at="2018-06-09T18:04:50Z" name="Default suite" finished-at="2018-06-09T18:04:56Z" duration-ms="5937">
    <groups>
    </groups>
    <test started-at="2018-06-09T18:04:50Z" name="Default test" finished-at="2018-06-09T18:04:56Z" duration-ms="5937">
      <class name="SeleniumBasics.SearchGoogle">
        <test-method is-config="true" signature="setup()[pri:0, instance:SeleniumBasics.SearchGoogle@2638011]" started-at="2018-06-09T18:04:50Z" name="setup" finished-at="2018-06-09T18:04:54Z" duration-ms="4192" status="PASS">
          <reporter-output>
          </reporter-output>
        </test-method> <!-- setup -->
        <test-method signature="verifyPDF()[pri:0, instance:SeleniumBasics.SearchGoogle@2638011]" started-at="2018-06-09T18:04:55Z" name="verifyPDF" finished-at="2018-06-09T18:04:56Z" duration-ms="1110" status="PASS">
          <reporter-output>
          </reporter-output>
        </test-method> <!-- verifyPDF -->
        <test-method is-config="true" signature="tearDown()[pri:0, instance:SeleniumBasics.SearchGoogle@2638011]" started-at="2018-06-09T18:04:56Z" name="tearDown" finished-at="2018-06-09T18:04:56Z" duration-ms="614" status="PASS">
          <reporter-output>
          </reporter-output>
        </test-method> <!-- tearDown -->
      </class> <!-- SeleniumBasics.SearchGoogle -->
    </test> <!-- Default test -->
  </suite> <!-- Default suite -->
</testng-results>
