<?xml version="1.0" encoding="UTF-8"?>
<testng-results ignored="0" total="1" passed="1" failed="0" skipped="0">
  <reporter-output>
  </reporter-output>
  <suite started-at="2018-06-06T15:33:38Z" name="Default suite" finished-at="2018-06-06T15:33:45Z" duration-ms="6990">
    <groups>
    </groups>
    <test started-at="2018-06-06T15:33:38Z" name="Default test" finished-at="2018-06-06T15:33:45Z" duration-ms="6990">
      <class name="SeleniumBasics.SearchGoogle">
        <test-method is-config="true" signature="setup()[pri:0, instance:SeleniumBasics.SearchGoogle@15ca7889]" started-at="2018-06-06T15:33:38Z" name="setup" finished-at="2018-06-06T15:33:44Z" duration-ms="5139" status="PASS">
          <reporter-output>
          </reporter-output>
        </test-method> <!-- setup -->
        <test-method signature="testSearch()[pri:0, instance:SeleniumBasics.SearchGoogle@15ca7889]" started-at="2018-06-06T15:33:44Z" name="testSearch" finished-at="2018-06-06T15:33:45Z" duration-ms="1834" status="PASS">
          <reporter-output>
          </reporter-output>
        </test-method> <!-- testSearch -->
      </class> <!-- SeleniumBasics.SearchGoogle -->
    </test> <!-- Default test -->
  </suite> <!-- Default suite -->
</testng-results>
