<?xml version="1.0" encoding="UTF-8"?>
<testng-results skipped="0" failed="0" ignored="0" total="1" passed="1">
  <reporter-output>
  </reporter-output>
  <suite name="Default suite" duration-ms="17402" started-at="2018-08-05T11:42:22Z" finished-at="2018-08-05T11:42:39Z">
    <groups>
    </groups>
    <test name="Default test" duration-ms="17402" started-at="2018-08-05T11:42:22Z" finished-at="2018-08-05T11:42:39Z">
      <class name="Test.Test">
        <test-method status="PASS" signature="setup()[pri:0, instance:Test.Test@343f4d3d]" name="setup" is-config="true" duration-ms="10737" started-at="2018-08-05T11:42:22Z" finished-at="2018-08-05T11:42:32Z">
          <reporter-output>
          </reporter-output>
        </test-method> <!-- setup -->
        <test-method status="PASS" signature="test_Home_Page_Appear_Correct()[pri:0, instance:Test.Test@343f4d3d]" name="test_Home_Page_Appear_Correct" duration-ms="6645" started-at="2018-08-05T11:42:32Z" finished-at="2018-08-05T11:42:39Z">
          <reporter-output>
          </reporter-output>
        </test-method> <!-- test_Home_Page_Appear_Correct -->
      </class> <!-- Test.Test -->
    </test> <!-- Default test -->
  </suite> <!-- Default suite -->
</testng-results>
